# JRE version: OpenJDK Runtime Environment (8.0_242-b01) (build 1.8.0_242-release-1644-b01)
# Java VM: OpenJDK 64-Bit Server VM (25.242-b01 mixed mode windows-amd64 compressed oops)
Heap:
 PSYoungGen      total 531456K, used 289608K [0x00000000d5580000, 0x0000000100000000, 0x0000000100000000)
  eden space 373760K, 75% used [0x00000000d5580000,0x00000000e68ca0a0,0x00000000ec280000)
  from space 157696K, 4% used [0x00000000f5900000,0x00000000f60881c8,0x00000000ff300000)
  to   space 154112K, 0% used [0x00000000ec280000,0x00000000ec280000,0x00000000f5900000)
 ParOldGen       total 465920K, used 406359K [0x0000000080000000, 0x000000009c700000, 0x00000000d5580000)
  object space 465920K, 87% used [0x0000000080000000,0x0000000098cd5c58,0x000000009c700000)
 Metaspace       used 111563K, capacity 117572K, committed 117632K, reserved 1150976K
  class space    used 13993K, capacity 15229K, committed 15232K, reserved 1048576K
GC Heap History (10 events):
Event: 973.164 GC heap before
{Heap before GC invocations=31 (full 5):
 PSYoungGen      total 517120K, used 516976K [0x00000000d5580000, 0x0000000100000000, 0x0000000100000000)
  eden space 391168K, 100% used [0x00000000d5580000,0x00000000ed380000,0x00000000ed380000)
  from space 125952K, 99% used [0x00000000ed380000,0x00000000f4e5c238,0x00000000f4e80000)
  to   space 165888K, 0% used [0x00000000f5e00000,0x00000000f5e00000,0x0000000100000000)
 ParOldGen       total 465920K, used 369857K [0x0000000080000000, 0x000000009c700000, 0x00000000d5580000)
  object space 465920K, 79% used [0x0000000080000000,0x0000000096930650,0x000000009c700000)
 Metaspace       used 107518K, capacity 112404K, committed 112640K, reserved 1146880K
  class space    used 13525K, capacity 14557K, committed 14592K, reserved 1048576K
Event: 973.361 GC heap after
Heap after GC invocations=31 (full 5):
 PSYoungGen      total 525824K, used 97214K [0x00000000d5580000, 0x0000000100000000, 0x0000000100000000)
  eden space 359936K, 0% used [0x00000000d5580000,0x00000000d5580000,0x00000000eb500000)
  from space 165888K, 58% used [0x00000000f5e00000,0x00000000fbcefbb8,0x0000000100000000)
  to   space 169472K, 0% used [0x00000000eb500000,0x00000000eb500000,0x00000000f5a80000)
 ParOldGen       total 465920K, used 380906K [0x0000000080000000, 0x000000009c700000, 0x00000000d5580000)
  object space 465920K, 81% used [0x0000000080000000,0x00000000973faa30,0x000000009c700000)
 Metaspace       used 107518K, capacity 112404K, committed 112640K, reserved 1146880K
  class space    used 13525K, capacity 14557K, committed 14592K, reserved 1048576K
}
Event: 1359.460 GC heap before
{Heap before GC invocations=32 (full 5):
 PSYoungGen      total 525824K, used 457150K [0x00000000d5580000, 0x0000000100000000, 0x0000000100000000)
  eden space 359936K, 100% used [0x00000000d5580000,0x00000000eb500000,0x00000000eb500000)
  from space 165888K, 58% used [0x00000000f5e00000,0x00000000fbcefbb8,0x0000000100000000)
  to   space 169472K, 0% used [0x00000000eb500000,0x00000000eb500000,0x00000000f5a80000)
 ParOldGen       total 465920K, used 380906K [0x0000000080000000, 0x000000009c700000, 0x00000000d5580000)
  object space 465920K, 81% used [0x0000000080000000,0x00000000973faa30,0x000000009c700000)
 Metaspace       used 107762K, capacity 112662K, committed 112896K, reserved 1146880K
  class space    used 13536K, capacity 14571K, committed 14592K, reserved 1048576K
Event: 1359.541 GC heap after
Heap after GC invocations=32 (full 5):
 PSYoungGen      total 529408K, used 19681K [0x00000000d5580000, 0x00000000ffc80000, 0x0000000100000000)
  eden space 359936K, 0% used [0x00000000d5580000,0x00000000d5580000,0x00000000eb500000)
  from space 169472K, 11% used [0x00000000eb500000,0x00000000ec838430,0x00000000f5a80000)
  to   space 165888K, 0% used [0x00000000f5a80000,0x00000000f5a80000,0x00000000ffc80000)
 ParOldGen       total 465920K, used 381376K [0x0000000080000000, 0x000000009c700000, 0x00000000d5580000)
  object space 465920K, 81% used [0x0000000080000000,0x0000000097470120,0x000000009c700000)
 Metaspace       used 107762K, capacity 112662K, committed 112896K, reserved 1146880K
  class space    used 13536K, capacity 14571K, committed 14592K, reserved 1048576K
}
Event: 2220.860 GC heap before
{Heap before GC invocations=33 (full 5):
 PSYoungGen      total 529408K, used 379617K [0x00000000d5580000, 0x00000000ffc80000, 0x0000000100000000)
  eden space 359936K, 100% used [0x00000000d5580000,0x00000000eb500000,0x00000000eb500000)
  from space 169472K, 11% used [0x00000000eb500000,0x00000000ec838430,0x00000000f5a80000)
  to   space 165888K, 0% used [0x00000000f5a80000,0x00000000f5a80000,0x00000000ffc80000)
 ParOldGen       total 465920K, used 381376K [0x0000000080000000, 0x000000009c700000, 0x00000000d5580000)
  object space 465920K, 81% used [0x0000000080000000,0x0000000097470120,0x000000009c700000)
 Metaspace       used 108097K, capacity 113100K, committed 113280K, reserved 1148928K
  class space    used 13560K, capacity 14611K, committed 14720K, reserved 1048576K
Event: 2220.901 GC heap after
Heap after GC invocations=33 (full 5):
 PSYoungGen      total 527360K, used 1987K [0x00000000d5580000, 0x00000000ffa80000, 0x0000000100000000)
  eden space 363520K, 0% used [0x00000000d5580000,0x00000000d5580000,0x00000000eb880000)
  from space 163840K, 1% used [0x00000000f5a80000,0x00000000f5c70df0,0x00000000ffa80000)
  to   space 164864K, 0% used [0x00000000eb880000,0x00000000eb880000,0x00000000f5980000)
 ParOldGen       total 465920K, used 393150K [0x0000000080000000, 0x000000009c700000, 0x00000000d5580000)
  object space 465920K, 84% used [0x0000000080000000,0x0000000097fefad8,0x000000009c700000)
 Metaspace       used 108097K, capacity 113100K, committed 113280K, reserved 1148928K
  class space    used 13560K, capacity 14611K, committed 14720K, reserved 1048576K
}
Event: 2591.073 GC heap before
{Heap before GC invocations=34 (full 5):
 PSYoungGen      total 527360K, used 365507K [0x00000000d5580000, 0x00000000ffa80000, 0x0000000100000000)
  eden space 363520K, 100% used [0x00000000d5580000,0x00000000eb880000,0x00000000eb880000)
  from space 163840K, 1% used [0x00000000f5a80000,0x00000000f5c70df0,0x00000000ffa80000)
  to   space 164864K, 0% used [0x00000000eb880000,0x00000000eb880000,0x00000000f5980000)
 ParOldGen       total 465920K, used 393150K [0x0000000080000000, 0x000000009c700000, 0x00000000d5580000)
  object space 465920K, 84% used [0x0000000080000000,0x0000000097fefad8,0x000000009c700000)
 Metaspace       used 111334K, capacity 117270K, committed 117376K, reserved 1150976K
  class space    used 13987K, capacity 15220K, committed 15232K, reserved 1048576K
Event: 2593.942 GC heap after
Heap after GC invocations=34 (full 5):
 PSYoungGen      total 395264K, used 31417K [0x00000000d5580000, 0x00000000ff300000, 0x0000000100000000)
  eden space 363520K, 0% used [0x00000000d5580000,0x00000000d5580000,0x00000000eb880000)
  from space 31744K, 98% used [0x00000000eb880000,0x00000000ed72e658,0x00000000ed780000)
  to   space 157696K, 0% used [0x00000000f5900000,0x00000000f5900000,0x00000000ff300000)
 ParOldGen       total 465920K, used 394342K [0x0000000080000000, 0x000000009c700000, 0x00000000d5580000)
  object space 465920K, 84% used [0x0000000080000000,0x0000000098119890,0x000000009c700000)
 Metaspace       used 111334K, capacity 117270K, committed 117376K, reserved 1150976K
  class space    used 13987K, capacity 15220K, committed 15232K, reserved 1048576K
}
Event: 2596.582 GC heap before
{Heap before GC invocations=35 (full 5):
 PSYoungGen      total 395264K, used 394937K [0x00000000d5580000, 0x00000000ff300000, 0x0000000100000000)
  eden space 363520K, 100% used [0x00000000d5580000,0x00000000eb880000,0x00000000eb880000)
  from space 31744K, 98% used [0x00000000eb880000,0x00000000ed72e658,0x00000000ed780000)
  to   space 157696K, 0% used [0x00000000f5900000,0x00000000f5900000,0x00000000ff300000)
 ParOldGen       total 465920K, used 394342K [0x0000000080000000, 0x000000009c700000, 0x00000000d5580000)
  object space 465920K, 84% used [0x0000000080000000,0x0000000098119890,0x000000009c700000)
 Metaspace       used 111415K, capacity 117346K, committed 117376K, reserved 1150976K
  class space    used 13989K, capacity 15222K, committed 15232K, reserved 1048576K
Event: 2596.630 GC heap after
Heap after GC invocations=35 (full 5):
 PSYoungGen      total 531456K, used 7712K [0x00000000d5580000, 0x0000000100000000, 0x0000000100000000)
  eden space 373760K, 0% used [0x00000000d5580000,0x00000000d5580000,0x00000000ec280000)
  from space 157696K, 4% used [0x00000000f5900000,0x00000000f60881c8,0x00000000ff300000)
  to   space 154112K, 0% used [0x00000000ec280000,0x00000000ec280000,0x00000000f5900000)
 ParOldGen       total 465920K, used 406359K [0x0000000080000000, 0x000000009c700000, 0x00000000d5580000)
  object space 465920K, 87% used [0x0000000080000000,0x0000000098cd5c58,0x000000009c700000)
 Metaspace       used 111415K, capacity 117346K, committed 117376K, reserved 1150976K
  class space    used 13989K, capacity 15222K, committed 15232K, reserved 1048576K
}

